<?xml version="1.0" encoding="UTF-8"?>
<testsuite xmlns:xsi="http://www.w3.org/2001/XMLSchema-instance" xsi:noNamespaceSchemaLocation="https://maven.apache.org/surefire/maven-surefire-plugin/xsd/surefire-test-report.xsd" version="3.0.2" name="com.estation.demo.util.ImageUtilsTest" time="0.106" tests="3" errors="0" skipped="0" failures="0">
  <properties>
[...]
</properties>
  <testcase name="readImageBgraSupportsStandardBmp" classname="com.estation.demo.util.ImageUtilsTest" time="0.021"/>
  <testcase name="readImageBgraSupportsBitfieldsBmp" classname="com.estation.demo.util.ImageUtilsTest" time="0.005"/>
  <testcase name="readImageBgraSupportsPngFallback" classname="com.estation.demo.util.ImageUtilsTest" time="0.063"/>
</testsuite>